0 info it worked if it ends with ok
1 verbose cli [ 'c:\\Program Files\\nodejs\\node.exe',
1 verbose cli   'c:\\Program Files\\nodejs\\node_modules\\npm\\bin\\npm-cli.js',
1 verbose cli   'start' ]
2 info using npm@3.3.12
3 info using node@v5.3.0
4 verbose run-script [ 'prestart', 'start', 'poststart' ]
5 info lifecycle compilerapp@0.0.0~prestart: compilerapp@0.0.0
6 silly lifecycle compilerapp@0.0.0~prestart: no script for prestart, continuing
7 info lifecycle compilerapp@0.0.0~start: compilerapp@0.0.0
8 verbose lifecycle compilerapp@0.0.0~start: unsafe-perm in lifecycle true
9 verbose lifecycle compilerapp@0.0.0~start: PATH: c:\Program Files\nodejs\node_modules\npm\bin\node-gyp-bin;c:\Users\Wenfeng\Documents\University\CSC301\project-team8\Webpage Files\compilerapp\node_modules\.bin;c:\Users\Wenfeng\bin;.;C:\Program Files (x86)\Git\local\bin;C:\Program Files (x86)\Git\mingw\bin;C:\Program Files (x86)\Git\bin;C:\Program Files (x86)\Git\bin;c:\ProgramData\Oracle\Java\javapath;c:\Program Files (x86)\Intel\iCLS Client\;c:\Program Files\Intel\iCLS Client\;c:\WINDOWS\system32;c:\WINDOWS;c:\WINDOWS\System32\Wbem;c:\WINDOWS\System32\WindowsPowerShell\v1.0\;c:\Program Files\Intel\Intel(R) Management Engine Components\DAL;c:\Program Files\Intel\Intel(R) Management Engine Components\IPT;c:\Program Files (x86)\Intel\Intel(R) Management Engine Components\DAL;c:\Program Files (x86)\Intel\Intel(R) Management Engine Components\IPT;c:\Program Files\Intel\WiFi\bin\;c:\Program Files\Common Files\Intel\WirelessCommon\;c:\Program Files (x86)\Subversion\bin;c:\Program Files\nodejs\;c:\Program Files (x86)\Skype\Phone\;c:\MinGW\bin;c:\Program Files\Intel\iCLS Client\;c:\windows\system32;c:\windows;c:\windows\System32\Wbem;c:\windows\System32\WindowsPowerShell\v1.0\;c:\Program Files\Intel\Intel(R) Management Engine Components\DAL;c:\Program Files\Intel\Intel(R) Management Engine Components\IPT;c:\Program Files (x86)\Intel\Intel(R) Management Engine Components\DAL;c:\Program Files (x86)\Intel\Intel(R) Management Engine Components\IPT;c:\Program Files\Intel\WiFi\bin\;c:\Program Files\Common Files\Intel\WirelessCommon\;c:\Program Files (x86)\Subversion\bin;c:\Program Files (x86)\Skype\Phone\;c:\Program Files\nodejs\;c:\Python34;c:\Python34\Scripts
10 verbose lifecycle compilerapp@0.0.0~start: CWD: c:\Users\Wenfeng\Documents\University\CSC301\project-team8\Webpage Files\compilerapp
11 silly lifecycle compilerapp@0.0.0~start: Args: [ '/d /s /c', 'node app.js' ]
12 silly lifecycle compilerapp@0.0.0~start: Returned: code: 1  signal: null
13 info lifecycle compilerapp@0.0.0~start: Failed to exec start script
14 verbose stack Error: compilerapp@0.0.0 start: `node app.js`
14 verbose stack Exit status 1
14 verbose stack     at EventEmitter.<anonymous> (c:\Program Files\nodejs\node_modules\npm\lib\utils\lifecycle.js:232:16)
14 verbose stack     at emitTwo (events.js:87:13)
14 verbose stack     at EventEmitter.emit (events.js:172:7)
14 verbose stack     at ChildProcess.<anonymous> (c:\Program Files\nodejs\node_modules\npm\lib\utils\spawn.js:24:14)
14 verbose stack     at emitTwo (events.js:87:13)
14 verbose stack     at ChildProcess.emit (events.js:172:7)
14 verbose stack     at maybeClose (internal/child_process.js:818:16)
14 verbose stack     at Process.ChildProcess._handle.onexit (internal/child_process.js:211:5)
15 verbose pkgid compilerapp@0.0.0
16 verbose cwd c:\Users\Wenfeng\Documents\University\CSC301\project-team8\Webpage Files\compilerapp
17 error Windows_NT 10.0.10586
18 error argv "c:\\Program Files\\nodejs\\node.exe" "c:\\Program Files\\nodejs\\node_modules\\npm\\bin\\npm-cli.js" "start"
19 error node v5.3.0
20 error npm  v3.3.12
21 error code ELIFECYCLE
22 error compilerapp@0.0.0 start: `node app.js`
22 error Exit status 1
23 error Failed at the compilerapp@0.0.0 start script 'node app.js'.
23 error Make sure you have the latest version of node.js and npm installed.
23 error If you do, this is most likely a problem with the compilerapp package,
23 error not with npm itself.
23 error Tell the author that this fails on your system:
23 error     node app.js
23 error You can get their info via:
23 error     npm owner ls compilerapp
23 error There is likely additional logging output above.
24 verbose exit [ 1, true ]
